<?xml version="1.0" encoding="UTF-8"?>
<testsuite xmlns:xsi="http://www.w3.org/2001/XMLSchema-instance" xsi:noNamespaceSchemaLocation="https://maven.apache.org/surefire/maven-surefire-plugin/xsd/surefire-test-report.xsd" name="com.excilys.AppTest" time="0.061" tests="1" errors="0" skipped="0" failures="0">
  <properties>
    <property name="sun.desktop" value="gnome"/>
    <property name="awt.toolkit" value="sun.awt.X11.XToolkit"/>
    <property name="java.specification.version" value="11"/>
    <property name="sun.cpu.isalist" value=""/>
    <property name="sun.jnu.encoding" value="UTF-8"/>
    <property name="java.class.path" value="/home/a/eclipse-workspace/mvncdb/computerdatabase/target/test-classes:/home/a/eclipse-workspace/mvncdb/computerdatabase/target/classes:/home/a/.m2/repository/junit/junit/4.11/junit-4.11.jar:/home/a/.m2/repository/org/hamcrest/hamcrest-core/1.3/hamcrest-core-1.3.jar:/home/a/.m2/repository/org/mockito/mockito-all/1.9.5/mockito-all-1.9.5.jar:/home/a/.m2/repository/mysql/mysql-connector-java/8.0.20/mysql-connector-java-8.0.20.jar:/home/a/.m2/repository/com/google/protobuf/protobuf-java/3.6.1/protobuf-java-3.6.1.jar:/home/a/.m2/repository/org/slf4j/slf4j-api/1.7.30/slf4j-api-1.7.30.jar:/home/a/.m2/repository/org/apache/maven/plugins/maven-checkstyle-plugin/3.1.1/maven-checkstyle-plugin-3.1.1.jar:/home/a/.m2/repository/org/apache/maven/maven-artifact/3.0/maven-artifact-3.0.jar:/home/a/.m2/repository/org/apache/maven/maven-core/3.0/maven-core-3.0.jar:/home/a/.m2/repository/org/apache/maven/maven-settings/3.0/maven-settings-3.0.jar:/home/a/.m2/repository/org/apache/maven/maven-settings-builder/3.0/maven-settings-builder-3.0.jar:/home/a/.m2/repository/org/apache/maven/maven-repository-metadata/3.0/maven-repository-metadata-3.0.jar:/home/a/.m2/repository/org/apache/maven/maven-model-builder/3.0/maven-model-builder-3.0.jar:/home/a/.m2/repository/org/apache/maven/maven-aether-provider/3.0/maven-aether-provider-3.0.jar:/home/a/.m2/repository/org/sonatype/aether/aether-impl/1.7/aether-impl-1.7.jar:/home/a/.m2/repository/org/sonatype/aether/aether-spi/1.7/aether-spi-1.7.jar:/home/a/.m2/repository/org/sonatype/aether/aether-api/1.7/aether-api-1.7.jar:/home/a/.m2/repository/org/sonatype/aether/aether-util/1.7/aether-util-1.7.jar:/home/a/.m2/repository/org/sonatype/sisu/sisu-inject-plexus/1.4.2/sisu-inject-plexus-1.4.2.jar:/home/a/.m2/repository/org/sonatype/sisu/sisu-inject-bean/1.4.2/sisu-inject-bean-1.4.2.jar:/home/a/.m2/repository/org/sonatype/sisu/sisu-guice/2.1.7/sisu-guice-2.1.7-noaop.jar:/home/a/.m2/repository/org/codehaus/plexus/plexus-classworlds/2.2.3/plexus-classworlds-2.2.3.jar:/home/a/.m2/repository/org/sonatype/plexus/plexus-sec-dispatcher/1.3/plexus-sec-dispatcher-1.3.jar:/home/a/.m2/repository/org/sonatype/plexus/plexus-cipher/1.4/plexus-cipher-1.4.jar:/home/a/.m2/repository/org/apache/maven/maven-model/3.0/maven-model-3.0.jar:/home/a/.m2/repository/org/apache/maven/maven-plugin-api/3.0/maven-plugin-api-3.0.jar:/home/a/.m2/repository/org/apache/maven/reporting/maven-reporting-api/3.0/maven-reporting-api-3.0.jar:/home/a/.m2/repository/org/apache/maven/reporting/maven-reporting-impl/2.3/maven-reporting-impl-2.3.jar:/home/a/.m2/repository/org/apache/maven/shared/maven-shared-utils/0.6/maven-shared-utils-0.6.jar:/home/a/.m2/repository/com/google/code/findbugs/jsr305/2.0.1/jsr305-2.0.1.jar:/home/a/.m2/repository/org/apache/maven/doxia/doxia-core/1.2/doxia-core-1.2.jar:/home/a/.m2/repository/xerces/xercesImpl/2.9.1/xercesImpl-2.9.1.jar:/home/a/.m2/repository/xml-apis/xml-apis/1.3.04/xml-apis-1.3.04.jar:/home/a/.m2/repository/org/apache/httpcomponents/httpclient/4.0.2/httpclient-4.0.2.jar:/home/a/.m2/repository/org/apache/httpcomponents/httpcore/4.0.1/httpcore-4.0.1.jar:/home/a/.m2/repository/commons-codec/commons-codec/1.3/commons-codec-1.3.jar:/home/a/.m2/repository/commons-validator/commons-validator/1.3.1/commons-validator-1.3.1.jar:/home/a/.m2/repository/commons-digester/commons-digester/1.6/commons-digester-1.6.jar:/home/a/.m2/repository/commons-logging/commons-logging/1.0.4/commons-logging-1.0.4.jar:/home/a/.m2/repository/org/apache/maven/doxia/doxia-sink-api/1.4/doxia-sink-api-1.4.jar:/home/a/.m2/repository/org/apache/maven/doxia/doxia-logging-api/1.4/doxia-logging-api-1.4.jar:/home/a/.m2/repository/org/apache/maven/doxia/doxia-decoration-model/1.4/doxia-decoration-model-1.4.jar:/home/a/.m2/repository/org/apache/maven/doxia/doxia-site-renderer/1.4/doxia-site-renderer-1.4.jar:/home/a/.m2/repository/org/apache/maven/doxia/doxia-module-xhtml/1.4/doxia-module-xhtml-1.4.jar:/home/a/.m2/repository/org/apache/maven/doxia/doxia-module-fml/1.4/doxia-module-fml-1.4.jar:/home/a/.m2/repository/org/codehaus/plexus/plexus-i18n/1.0-beta-7/plexus-i18n-1.0-beta-7.jar:/home/a/.m2/repository/org/apache/velocity/velocity-tools/2.0/velocity-tools-2.0.jar:/home/a/.m2/repository/commons-chain/commons-chain/1.1/commons-chain-1.1.jar:/home/a/.m2/repository/dom4j/dom4j/1.1/dom4j-1.1.jar:/home/a/.m2/repository/oro/oro/2.0.8/oro-2.0.8.jar:/home/a/.m2/repository/sslext/sslext/1.2-0/sslext-1.2-0.jar:/home/a/.m2/repository/org/apache/struts/struts-core/1.3.8/struts-core-1.3.8.jar:/home/a/.m2/repository/org/apache/struts/struts-taglib/1.3.8/struts-taglib-1.3.8.jar:/home/a/.m2/repository/org/apache/struts/struts-tiles/1.3.8/struts-tiles-1.3.8.jar:/home/a/.m2/repository/org/apache/maven/doxia/doxia-integration-tools/1.6/doxia-integration-tools-1.6.jar:/home/a/.m2/repository/commons-io/commons-io/1.4/commons-io-1.4.jar:/home/a/.m2/repository/org/codehaus/plexus/plexus-container-default/1.0-alpha-9/plexus-container-default-1.0-alpha-9.jar:/home/a/.m2/repository/classworlds/classworlds/1.1-alpha-2/classworlds-1.1-alpha-2.jar:/home/a/.m2/repository/org/codehaus/plexus/plexus-component-annotations/2.0.0/plexus-component-annotations-2.0.0.jar:/home/a/.m2/repository/org/codehaus/plexus/plexus-resources/1.1.0/plexus-resources-1.1.0.jar:/home/a/.m2/repository/org/codehaus/plexus/plexus-utils/3.3.0/plexus-utils-3.3.0.jar:/home/a/.m2/repository/org/codehaus/plexus/plexus-interpolation/1.26/plexus-interpolation-1.26.jar:/home/a/.m2/repository/org/codehaus/plexus/plexus-velocity/1.2/plexus-velocity-1.2.jar:/home/a/.m2/repository/com/puppycrawl/tools/checkstyle/8.29/checkstyle-8.29.jar:/home/a/.m2/repository/info/picocli/picocli/4.1.4/picocli-4.1.4.jar:/home/a/.m2/repository/antlr/antlr/2.7.7/antlr-2.7.7.jar:/home/a/.m2/repository/org/antlr/antlr4-runtime/4.8-1/antlr4-runtime-4.8-1.jar:/home/a/.m2/repository/commons-beanutils/commons-beanutils/1.9.4/commons-beanutils-1.9.4.jar:/home/a/.m2/repository/com/google/guava/guava/28.2-jre/guava-28.2-jre.jar:/home/a/.m2/repository/com/google/guava/failureaccess/1.0.1/failureaccess-1.0.1.jar:/home/a/.m2/repository/com/google/guava/listenablefuture/9999.0-empty-to-avoid-conflict-with-guava/listenablefuture-9999.0-empty-to-avoid-conflict-with-guava.jar:/home/a/.m2/repository/org/checkerframework/checker-qual/2.10.0/checker-qual-2.10.0.jar:/home/a/.m2/repository/com/google/errorprone/error_prone_annotations/2.3.4/error_prone_annotations-2.3.4.jar:/home/a/.m2/repository/com/google/j2objc/j2objc-annotations/1.3/j2objc-annotations-1.3.jar:/home/a/.m2/repository/net/sf/saxon/Saxon-HE/9.9.1-6/Saxon-HE-9.9.1-6.jar:/home/a/.m2/repository/org/apache/velocity/velocity/1.7/velocity-1.7.jar:/home/a/.m2/repository/commons-lang/commons-lang/2.4/commons-lang-2.4.jar:/home/a/.m2/repository/commons-collections/commons-collections/3.2.2/commons-collections-3.2.2.jar:/home/a/.m2/repository/javax/xml/bind/jaxb-api/2.3.1/jaxb-api-2.3.1.jar:/home/a/.m2/repository/javax/activation/javax.activation-api/1.2.0/javax.activation-api-1.2.0.jar:"/>
    <property name="java.vm.vendor" value="Ubuntu"/>
    <property name="sun.arch.data.model" value="64"/>
    <property name="java.vendor.url" value="https://ubuntu.com/"/>
    <property name="user.timezone" value=""/>
    <property name="java.vm.specification.version" value="11"/>
    <property name="os.name" value="Linux"/>
    <property name="sun.java.launcher" value="SUN_STANDARD"/>
    <property name="user.country" value="US"/>
    <property name="sun.boot.library.path" value="/usr/lib/jvm/java-11-openjdk-amd64/lib"/>
    <property name="sun.java.command" value="/home/a/eclipse-workspace/mvncdb/computerdatabase/target/surefire/surefirebooter17998196030871910115.jar /home/a/eclipse-workspace/mvncdb/computerdatabase/target/surefire 2020-06-19T17-34-48_860-jvmRun1 surefire9055179217416413464tmp surefire_03751397249215536145tmp"/>
    <property name="jdk.debug" value="release"/>
    <property name="surefire.test.class.path" value="/home/a/eclipse-workspace/mvncdb/computerdatabase/target/test-classes:/home/a/eclipse-workspace/mvncdb/computerdatabase/target/classes:/home/a/.m2/repository/junit/junit/4.11/junit-4.11.jar:/home/a/.m2/repository/org/hamcrest/hamcrest-core/1.3/hamcrest-core-1.3.jar:/home/a/.m2/repository/org/mockito/mockito-all/1.9.5/mockito-all-1.9.5.jar:/home/a/.m2/repository/mysql/mysql-connector-java/8.0.20/mysql-connector-java-8.0.20.jar:/home/a/.m2/repository/com/google/protobuf/protobuf-java/3.6.1/protobuf-java-3.6.1.jar:/home/a/.m2/repository/org/slf4j/slf4j-api/1.7.30/slf4j-api-1.7.30.jar:/home/a/.m2/repository/org/apache/maven/plugins/maven-checkstyle-plugin/3.1.1/maven-checkstyle-plugin-3.1.1.jar:/home/a/.m2/repository/org/apache/maven/maven-artifact/3.0/maven-artifact-3.0.jar:/home/a/.m2/repository/org/apache/maven/maven-core/3.0/maven-core-3.0.jar:/home/a/.m2/repository/org/apache/maven/maven-settings/3.0/maven-settings-3.0.jar:/home/a/.m2/repository/org/apache/maven/maven-settings-builder/3.0/maven-settings-builder-3.0.jar:/home/a/.m2/repository/org/apache/maven/maven-repository-metadata/3.0/maven-repository-metadata-3.0.jar:/home/a/.m2/repository/org/apache/maven/maven-model-builder/3.0/maven-model-builder-3.0.jar:/home/a/.m2/repository/org/apache/maven/maven-aether-provider/3.0/maven-aether-provider-3.0.jar:/home/a/.m2/repository/org/sonatype/aether/aether-impl/1.7/aether-impl-1.7.jar:/home/a/.m2/repository/org/sonatype/aether/aether-spi/1.7/aether-spi-1.7.jar:/home/a/.m2/repository/org/sonatype/aether/aether-api/1.7/aether-api-1.7.jar:/home/a/.m2/repository/org/sonatype/aether/aether-util/1.7/aether-util-1.7.jar:/home/a/.m2/repository/org/sonatype/sisu/sisu-inject-plexus/1.4.2/sisu-inject-plexus-1.4.2.jar:/home/a/.m2/repository/org/sonatype/sisu/sisu-inject-bean/1.4.2/sisu-inject-bean-1.4.2.jar:/home/a/.m2/repository/org/sonatype/sisu/sisu-guice/2.1.7/sisu-guice-2.1.7-noaop.jar:/home/a/.m2/repository/org/codehaus/plexus/plexus-classworlds/2.2.3/plexus-classworlds-2.2.3.jar:/home/a/.m2/repository/org/sonatype/plexus/plexus-sec-dispatcher/1.3/plexus-sec-dispatcher-1.3.jar:/home/a/.m2/repository/org/sonatype/plexus/plexus-cipher/1.4/plexus-cipher-1.4.jar:/home/a/.m2/repository/org/apache/maven/maven-model/3.0/maven-model-3.0.jar:/home/a/.m2/repository/org/apache/maven/maven-plugin-api/3.0/maven-plugin-api-3.0.jar:/home/a/.m2/repository/org/apache/maven/reporting/maven-reporting-api/3.0/maven-reporting-api-3.0.jar:/home/a/.m2/repository/org/apache/maven/reporting/maven-reporting-impl/2.3/maven-reporting-impl-2.3.jar:/home/a/.m2/repository/org/apache/maven/shared/maven-shared-utils/0.6/maven-shared-utils-0.6.jar:/home/a/.m2/repository/com/google/code/findbugs/jsr305/2.0.1/jsr305-2.0.1.jar:/home/a/.m2/repository/org/apache/maven/doxia/doxia-core/1.2/doxia-core-1.2.jar:/home/a/.m2/repository/xerces/xercesImpl/2.9.1/xercesImpl-2.9.1.jar:/home/a/.m2/repository/xml-apis/xml-apis/1.3.04/xml-apis-1.3.04.jar:/home/a/.m2/repository/org/apache/httpcomponents/httpclient/4.0.2/httpclient-4.0.2.jar:/home/a/.m2/repository/org/apache/httpcomponents/httpcore/4.0.1/httpcore-4.0.1.jar:/home/a/.m2/repository/commons-codec/commons-codec/1.3/commons-codec-1.3.jar:/home/a/.m2/repository/commons-validator/commons-validator/1.3.1/commons-validator-1.3.1.jar:/home/a/.m2/repository/commons-digester/commons-digester/1.6/commons-digester-1.6.jar:/home/a/.m2/repository/commons-logging/commons-logging/1.0.4/commons-logging-1.0.4.jar:/home/a/.m2/repository/org/apache/maven/doxia/doxia-sink-api/1.4/doxia-sink-api-1.4.jar:/home/a/.m2/repository/org/apache/maven/doxia/doxia-logging-api/1.4/doxia-logging-api-1.4.jar:/home/a/.m2/repository/org/apache/maven/doxia/doxia-decoration-model/1.4/doxia-decoration-model-1.4.jar:/home/a/.m2/repository/org/apache/maven/doxia/doxia-site-renderer/1.4/doxia-site-renderer-1.4.jar:/home/a/.m2/repository/org/apache/maven/doxia/doxia-module-xhtml/1.4/doxia-module-xhtml-1.4.jar:/home/a/.m2/repository/org/apache/maven/doxia/doxia-module-fml/1.4/doxia-module-fml-1.4.jar:/home/a/.m2/repository/org/codehaus/plexus/plexus-i18n/1.0-beta-7/plexus-i18n-1.0-beta-7.jar:/home/a/.m2/repository/org/apache/velocity/velocity-tools/2.0/velocity-tools-2.0.jar:/home/a/.m2/repository/commons-chain/commons-chain/1.1/commons-chain-1.1.jar:/home/a/.m2/repository/dom4j/dom4j/1.1/dom4j-1.1.jar:/home/a/.m2/repository/oro/oro/2.0.8/oro-2.0.8.jar:/home/a/.m2/repository/sslext/sslext/1.2-0/sslext-1.2-0.jar:/home/a/.m2/repository/org/apache/struts/struts-core/1.3.8/struts-core-1.3.8.jar:/home/a/.m2/repository/org/apache/struts/struts-taglib/1.3.8/struts-taglib-1.3.8.jar:/home/a/.m2/repository/org/apache/struts/struts-tiles/1.3.8/struts-tiles-1.3.8.jar:/home/a/.m2/repository/org/apache/maven/doxia/doxia-integration-tools/1.6/doxia-integration-tools-1.6.jar:/home/a/.m2/repository/commons-io/commons-io/1.4/commons-io-1.4.jar:/home/a/.m2/repository/org/codehaus/plexus/plexus-container-default/1.0-alpha-9/plexus-container-default-1.0-alpha-9.jar:/home/a/.m2/repository/classworlds/classworlds/1.1-alpha-2/classworlds-1.1-alpha-2.jar:/home/a/.m2/repository/org/codehaus/plexus/plexus-component-annotations/2.0.0/plexus-component-annotations-2.0.0.jar:/home/a/.m2/repository/org/codehaus/plexus/plexus-resources/1.1.0/plexus-resources-1.1.0.jar:/home/a/.m2/repository/org/codehaus/plexus/plexus-utils/3.3.0/plexus-utils-3.3.0.jar:/home/a/.m2/repository/org/codehaus/plexus/plexus-interpolation/1.26/plexus-interpolation-1.26.jar:/home/a/.m2/repository/org/codehaus/plexus/plexus-velocity/1.2/plexus-velocity-1.2.jar:/home/a/.m2/repository/com/puppycrawl/tools/checkstyle/8.29/checkstyle-8.29.jar:/home/a/.m2/repository/info/picocli/picocli/4.1.4/picocli-4.1.4.jar:/home/a/.m2/repository/antlr/antlr/2.7.7/antlr-2.7.7.jar:/home/a/.m2/repository/org/antlr/antlr4-runtime/4.8-1/antlr4-runtime-4.8-1.jar:/home/a/.m2/repository/commons-beanutils/commons-beanutils/1.9.4/commons-beanutils-1.9.4.jar:/home/a/.m2/repository/com/google/guava/guava/28.2-jre/guava-28.2-jre.jar:/home/a/.m2/repository/com/google/guava/failureaccess/1.0.1/failureaccess-1.0.1.jar:/home/a/.m2/repository/com/google/guava/listenablefuture/9999.0-empty-to-avoid-conflict-with-guava/listenablefuture-9999.0-empty-to-avoid-conflict-with-guava.jar:/home/a/.m2/repository/org/checkerframework/checker-qual/2.10.0/checker-qual-2.10.0.jar:/home/a/.m2/repository/com/google/errorprone/error_prone_annotations/2.3.4/error_prone_annotations-2.3.4.jar:/home/a/.m2/repository/com/google/j2objc/j2objc-annotations/1.3/j2objc-annotations-1.3.jar:/home/a/.m2/repository/net/sf/saxon/Saxon-HE/9.9.1-6/Saxon-HE-9.9.1-6.jar:/home/a/.m2/repository/org/apache/velocity/velocity/1.7/velocity-1.7.jar:/home/a/.m2/repository/commons-lang/commons-lang/2.4/commons-lang-2.4.jar:/home/a/.m2/repository/commons-collections/commons-collections/3.2.2/commons-collections-3.2.2.jar:/home/a/.m2/repository/javax/xml/bind/jaxb-api/2.3.1/jaxb-api-2.3.1.jar:/home/a/.m2/repository/javax/activation/javax.activation-api/1.2.0/javax.activation-api-1.2.0.jar:"/>
    <property name="sun.cpu.endian" value="little"/>
    <property name="user.home" value="/home/a"/>
    <property name="user.language" value="en"/>
    <property name="java.specification.vendor" value="Oracle Corporation"/>
    <property name="java.version.date" value="2020-04-14"/>
    <property name="java.home" value="/usr/lib/jvm/java-11-openjdk-amd64"/>
    <property name="file.separator" value="/"/>
    <property name="basedir" value="/home/a/eclipse-workspace/mvncdb/computerdatabase"/>
    <property name="java.vm.compressedOopsMode" value="Zero based"/>
    <property name="line.separator" value="&#10;"/>
    <property name="java.specification.name" value="Java Platform API Specification"/>
    <property name="java.vm.specification.vendor" value="Oracle Corporation"/>
    <property name="java.awt.graphicsenv" value="sun.awt.X11GraphicsEnvironment"/>
    <property name="surefire.real.class.path" value="/home/a/eclipse-workspace/mvncdb/computerdatabase/target/surefire/surefirebooter17998196030871910115.jar"/>
    <property name="sun.management.compiler" value="HotSpot 64-Bit Tiered Compilers"/>
    <property name="java.runtime.version" value="11.0.7+10-post-Ubuntu-3ubuntu1"/>
    <property name="user.name" value="a"/>
    <property name="path.separator" value=":"/>
    <property name="os.version" value="5.4.0-37-generic"/>
    <property name="java.runtime.name" value="OpenJDK Runtime Environment"/>
    <property name="file.encoding" value="UTF-8"/>
    <property name="java.vm.name" value="OpenJDK 64-Bit Server VM"/>
    <property name="localRepository" value="/home/a/.m2/repository"/>
    <property name="java.vendor.url.bug" value="https://bugs.launchpad.net/ubuntu/+source/openjdk-lts"/>
    <property name="java.io.tmpdir" value="/tmp"/>
    <property name="java.version" value="11.0.7"/>
    <property name="user.dir" value="/home/a/eclipse-workspace/mvncdb/computerdatabase"/>
    <property name="os.arch" value="amd64"/>
    <property name="java.vm.specification.name" value="Java Virtual Machine Specification"/>
    <property name="java.awt.printerjob" value="sun.print.PSPrinterJob"/>
    <property name="sun.os.patch.level" value="unknown"/>
    <property name="java.library.path" value="/usr/java/packages/lib:/usr/lib/x86_64-linux-gnu/jni:/lib/x86_64-linux-gnu:/usr/lib/x86_64-linux-gnu:/usr/lib/jni:/lib:/usr/lib"/>
    <property name="java.vendor" value="Ubuntu"/>
    <property name="java.vm.info" value="mixed mode, sharing"/>
    <property name="java.vm.version" value="11.0.7+10-post-Ubuntu-3ubuntu1"/>
    <property name="sun.io.unicode.encoding" value="UnicodeLittle"/>
    <property name="java.class.version" value="55.0"/>
  </properties>
  <testcase name="shouldAnswerWithTrue" classname="com.excilys.AppTest" time="0.003"/>
</testsuite>